TN:
SF:models/brandModel.js
FNF:0
FNH:0
DA:1,7
DA:3,7
DA:34,7
LF:3
LH:3
BRF:0
BRH:0
end_of_record
TN:
SF:models/cartModel.js
FNF:0
FNH:0
DA:1,1
DA:3,1
DA:26,1
LF:3
LH:3
BRF:0
BRH:0
end_of_record
TN:
SF:models/categoryModel.js
FNF:0
FNH:0
DA:1,9
DA:3,9
DA:18,9
LF:3
LH:3
BRF:0
BRH:0
end_of_record
TN:
SF:models/deliveryModel.js
FN:234,(anonymous_0)
FNF:1
FNH:1
FNDA:6,(anonymous_0)
DA:171,1
DA:173,1
DA:234,1
DA:235,6
DA:236,6
DA:238,6
DA:241,1
LF:7
LH:7
BRDA:235,0,0,6
BRDA:235,0,1,0
BRF:2
BRH:1
end_of_record
TN:
SF:models/orderModel.js
FNF:0
FNH:0
DA:59,2
DA:61,2
DA:110,2
LF:3
LH:3
BRF:0
BRH:0
end_of_record
TN:
SF:models/paymentModel.js
FNF:0
FNH:0
DA:1,1
DA:3,1
DA:39,1
LF:3
LH:3
BRF:0
BRH:0
end_of_record
TN:
SF:models/productModel.js
FNF:0
FNH:0
DA:1,6
DA:3,6
DA:44,6
LF:3
LH:3
BRF:0
BRH:0
end_of_record
TN:
SF:models/ratingsModel.js
FNF:0
FNH:0
DA:1,1
DA:3,1
DA:34,1
LF:3
LH:3
BRF:0
BRH:0
end_of_record
TN:
SF:models/shipment_addressModel.js
FNF:0
FNH:0
DA:1,3
DA:3,3
DA:45,3
LF:3
LH:3
BRF:0
BRH:0
end_of_record
TN:
SF:models/specification.js
FNF:0
FNH:0
DA:1,1
DA:3,1
DA:14,1
LF:3
LH:3
BRF:0
BRH:0
end_of_record
TN:
SF:models/subCategoryModel.js
FNF:0
FNH:0
DA:1,8
DA:3,8
DA:28,8
LF:3
LH:3
BRF:0
BRH:0
end_of_record
TN:
SF:models/userModel.js
FNF:0
FNH:0
DA:1,8
DA:3,8
DA:38,8
LF:3
LH:3
BRF:0
BRH:0
end_of_record
TN:
SF:models/wishlists.js
FNF:0
FNH:0
DA:1,1
DA:3,1
DA:21,1
LF:3
LH:3
BRF:0
BRH:0
end_of_record
